2025-05-09 15:47:30,988 - __main__ - INFO - Bot starting up...
2025-05-09 15:47:31,527 - pyrogram.session.auth - INFO - Start creating a new auth key on DC2
2025-05-09 15:47:31,527 - pyrogram.connection.connection - INFO - Connecting...
2025-05-09 15:47:31,872 - pyrogram.connection.connection - INFO - Connected! Production DC2 - IPv4
2025-05-09 15:47:34,818 - pyrogram.session.auth - INFO - Done auth key exchange: DhGenOk
2025-05-09 15:47:34,819 - pyrogram.connection.connection - INFO - Disconnected
2025-05-09 15:47:34,837 - pyrogram.connection.connection - INFO - Connecting...
2025-05-09 15:47:35,071 - pyrogram.connection.connection - INFO - Connected! Production DC2 - IPv4
2025-05-09 15:47:35,073 - pyrogram.session.session - INFO - NetworkTask started
2025-05-09 15:47:36,198 - pyrogram.session.session - INFO - Session initialized: Layer 158
2025-05-09 15:47:36,199 - pyrogram.session.session - INFO - Device: CPython 3.12.10 - Pyrogram 2.0.106
2025-05-09 15:47:36,201 - pyrogram.session.session - INFO - System: Linux 4.19.191+ (en)
2025-05-09 15:47:36,203 - pyrogram.session.session - INFO - Session started
2025-05-09 15:47:36,230 - pyrogram.session.session - INFO - PingTask started
2025-05-09 15:47:36,447 - pyrogram.session.session - INFO - PingTask stopped
2025-05-09 15:47:36,453 - pyrogram.session.session - INFO - NetworkTask stopped
2025-05-09 15:47:36,454 - pyrogram.connection.connection - INFO - Disconnected
2025-05-09 15:47:36,457 - pyrogram.session.session - INFO - Session stopped
2025-05-09 15:47:36,539 - pyrogram.session.auth - INFO - Start creating a new auth key on DC5
2025-05-09 15:47:36,541 - pyrogram.connection.connection - INFO - Connecting...
2025-05-09 15:47:36,671 - pyrogram.connection.connection - INFO - Connected! Production DC5 - IPv4
2025-05-09 15:47:39,138 - pyrogram.session.auth - INFO - Done auth key exchange: DhGenOk
2025-05-09 15:47:39,139 - pyrogram.connection.connection - INFO - Disconnected
2025-05-09 15:47:39,154 - pyrogram.connection.connection - INFO - Connecting...
2025-05-09 15:47:39,390 - pyrogram.connection.connection - INFO - Connected! Production DC5 - IPv4
2025-05-09 15:47:39,391 - pyrogram.session.session - INFO - NetworkTask started
2025-05-09 15:47:40,039 - pyrogram.session.session - INFO - Session initialized: Layer 158
2025-05-09 15:47:40,041 - pyrogram.session.session - INFO - Device: CPython 3.12.10 - Pyrogram 2.0.106
2025-05-09 15:47:40,042 - pyrogram.session.session - INFO - System: Linux 4.19.191+ (en)
2025-05-09 15:47:40,043 - pyrogram.session.session - INFO - Session started
2025-05-09 15:47:40,047 - pyrogram.session.session - INFO - PingTask started
2025-05-09 15:47:40,687 - pyrogram.dispatcher - INFO - Started 12 HandlerTasks
2025-05-09 15:47:54,140 - __main__ - INFO - Received /start command from user 7014206762 (⛧‌ٖٖٖٖٖٖٜٖٖٖٖٖٖٜٖ𝕊𝕚𝕘𝕞𝕒𑲭𑲭𑲭𑲭𑲭𑲭𑲭𑲭𑲭𑲭𑲭𑲭𑲭𑲭𑲭𝕞𝕚𝕟𝕕🪬) in chat 7014206762 (type: ChatType.PRIVATE)
2025-05-09 15:47:54,145 - __main__ - INFO - New user 7014206762 added to subscribed list for broadcasts. Total users: 1
2025-05-09 15:47:54,339 - __main__ - INFO - Successfully replied to /start for user 7014206762 in chat 7014206762
2025-05-09 15:48:49,861 - __main__ - INFO - Received /start command from user 2123238403 (ㅤㅤ) in chat 2123238403 (type: ChatType.PRIVATE)
2025-05-09 15:48:49,865 - __main__ - INFO - New user 2123238403 added to subscribed list for broadcasts. Total users: 2
2025-05-09 15:48:50,314 - __main__ - INFO - Successfully replied to /start for user 2123238403 in chat 2123238403
2025-05-09 15:49:16,722 - __main__ - INFO - Received potential URL from user 2123238403 in chat 2123238403: https://www.instagram.com/share/reel/_na1YLxtI
2025-05-09 15:49:22,909 - __main__ - INFO - yt-dlp recognized supported extractor 'instagram' for URL: https://www.instagram.com/share/reel/_na1YLxtI
2025-05-09 15:49:23,042 - __main__ - INFO - Stored link for user 2123238403 in chat 2123238403. Interaction key: 41
2025-05-09 15:49:24,978 - __main__ - INFO - Callback query 'both' from user 2123238403 (ㅤㅤ) for message ID 41
2025-05-09 15:49:25,248 - __main__ - INFO - User 2123238403 (interaction: 41) selected 'both'. Starting download for URL: https://www.instagram.com/share/reel/_na1YLxtI
2025-05-09 15:49:31,613 - __main__ - WARNING - Failed to edit progress message for user 2123238403, interaction 41: Telegram says: [400 MESSAGE_NOT_MODIFIED] - The message was not modified because you tried to edit it using the same content (caused by "messages.EditMessage")
2025-05-09 15:49:31,900 - __main__ - INFO - Postprocessor status for user 2123238403 (interaction: 41): finished
2025-05-09 15:49:31,904 - __main__ - INFO - Postprocessor status for user 2123238403 (interaction: 41): finished
2025-05-09 15:49:31,976 - __main__ - INFO - File for user 2123238403 (interaction: 41) downloaded/processed to: /data/data/com.termux/files/home/my_bot/downloads/Video_by_ig_magic_playz__2123238403_both.mp4
2025-05-09 15:49:32,172 - pyrogram.connection.connection - INFO - Connecting...
2025-05-09 15:49:32,266 - pyrogram.connection.connection - INFO - Connected! Production DC5 (media) - IPv4
2025-05-09 15:49:32,267 - pyrogram.session.session - INFO - NetworkTask started
2025-05-09 15:49:32,850 - pyrogram.session.session - INFO - Session initialized: Layer 158
2025-05-09 15:49:32,850 - pyrogram.session.session - INFO - Device: CPython 3.12.10 - Pyrogram 2.0.106
2025-05-09 15:49:32,851 - pyrogram.session.session - INFO - System: Linux 4.19.191+ (en)
2025-05-09 15:49:32,851 - pyrogram.session.session - INFO - Session started
2025-05-09 15:49:32,857 - pyrogram.session.session - INFO - PingTask started
2025-05-09 15:49:33,453 - pyrogram.session.session - INFO - PingTask stopped
2025-05-09 15:49:33,455 - pyrogram.session.session - INFO - NetworkTask stopped
2025-05-09 15:49:33,455 - pyrogram.connection.connection - INFO - Disconnected
2025-05-09 15:49:33,456 - pyrogram.session.session - INFO - Session stopped
2025-05-09 15:49:33,888 - __main__ - INFO - Running FFmpeg command: ffmpeg -i /data/data/com.termux/files/home/my_bot/downloads/Video_by_ig_magic_playz__2123238403_both.mp4 -vn -acodec libmp3lame -b:a 192k -ar 44100 -y ./downloads/Video_by_ig_magic_playz__2123238403_audio_extract.mp3
2025-05-09 15:49:34,557 - __main__ - INFO - FFmpeg Success (first 200 chars of stdout): 
2025-05-09 15:49:34,640 - pyrogram.connection.connection - INFO - Connecting...
2025-05-09 15:49:34,751 - pyrogram.connection.connection - INFO - Connected! Production DC5 (media) - IPv4
2025-05-09 15:49:34,752 - pyrogram.session.session - INFO - NetworkTask started
2025-05-09 15:49:35,239 - pyrogram.session.session - INFO - Session initialized: Layer 158
2025-05-09 15:49:35,240 - pyrogram.session.session - INFO - Device: CPython 3.12.10 - Pyrogram 2.0.106
2025-05-09 15:49:35,240 - pyrogram.session.session - INFO - System: Linux 4.19.191+ (en)
2025-05-09 15:49:35,241 - pyrogram.session.session - INFO - Session started
2025-05-09 15:49:35,244 - pyrogram.session.session - INFO - PingTask started
2025-05-09 15:49:35,976 - pyrogram.session.session - INFO - PingTask stopped
2025-05-09 15:49:35,977 - pyrogram.session.session - INFO - NetworkTask stopped
2025-05-09 15:49:35,977 - pyrogram.connection.connection - INFO - Disconnected
2025-05-09 15:49:35,977 - pyrogram.session.session - INFO - Session stopped
2025-05-09 15:49:36,307 - __main__ - INFO - Cleaned: /data/data/com.termux/files/home/my_bot/downloads/Video_by_ig_magic_playz__2123238403_both.mp4 (interaction 41)
2025-05-09 15:49:36,309 - __main__ - INFO - Cleaned: ./downloads/Video_by_ig_magic_playz__2123238403_audio_extract.mp3 (interaction 41)
2025-05-09 15:49:36,309 - __main__ - INFO - Cleared state for interaction key 41 (user 2123238403)
2025-05-09 15:49:41,565 - __main__ - INFO - Received potential URL from user 2123238403 in chat 2123238403: https://www.facebook.com/share/r/1AqH9HXCsD/?mibextid=D5vuiz
2025-05-09 15:49:45,130 - __main__ - INFO - yt-dlp recognized supported extractor 'facebook' for URL: https://www.facebook.com/share/r/1AqH9HXCsD/?mibextid=D5vuiz
2025-05-09 15:49:45,289 - __main__ - INFO - Stored link for user 2123238403 in chat 2123238403. Interaction key: 45
2025-05-09 15:49:47,225 - __main__ - INFO - Callback query 'both' from user 2123238403 (ㅤㅤ) for message ID 45
2025-05-09 15:49:47,652 - __main__ - INFO - User 2123238403 (interaction: 45) selected 'both'. Starting download for URL: https://www.facebook.com/share/r/1AqH9HXCsD/?mibextid=D5vuiz
2025-05-09 15:49:57,560 - __main__ - WARNING - Failed to edit progress message for user 2123238403, interaction 45: Telegram says: [400 MESSAGE_NOT_MODIFIED] - The message was not modified because you tried to edit it using the same content (caused by "messages.EditMessage")
2025-05-09 15:49:58,456 - __main__ - INFO - Postprocessor status for user 2123238403 (interaction: 45): finished
2025-05-09 15:49:58,461 - __main__ - INFO - Postprocessor status for user 2123238403 (interaction: 45): finished
2025-05-09 15:49:58,487 - __main__ - INFO - File for user 2123238403 (interaction: 45) downloaded/processed to: /data/data/com.termux/files/home/my_bot/downloads/99K_views_85K_reactions_Babuan_instagram_insta_instamood_bhojpuri_bhojpuri_song_trending_viral_viralvideos_explore_Desi_queen_2123238403_both.mp4
2025-05-09 15:49:58,693 - pyrogram.connection.connection - INFO - Connecting...
2025-05-09 15:49:58,798 - pyrogram.connection.connection - INFO - Connected! Production DC5 (media) - IPv4
2025-05-09 15:49:58,800 - pyrogram.session.session - INFO - NetworkTask started
2025-05-09 15:49:59,285 - pyrogram.session.session - INFO - Session initialized: Layer 158
2025-05-09 15:49:59,286 - pyrogram.session.session - INFO - Device: CPython 3.12.10 - Pyrogram 2.0.106
2025-05-09 15:49:59,286 - pyrogram.session.session - INFO - System: Linux 4.19.191+ (en)
2025-05-09 15:49:59,287 - pyrogram.session.session - INFO - Session started
2025-05-09 15:49:59,293 - pyrogram.session.session - INFO - PingTask started
2025-05-09 15:50:01,298 - pyrogram.session.session - INFO - PingTask stopped
2025-05-09 15:50:01,299 - pyrogram.session.session - INFO - NetworkTask stopped
2025-05-09 15:50:01,299 - pyrogram.connection.connection - INFO - Disconnected
2025-05-09 15:50:01,299 - pyrogram.session.session - INFO - Session stopped
2025-05-09 15:50:01,761 - __main__ - INFO - Running FFmpeg command: ffmpeg -i /data/data/com.termux/files/home/my_bot/downloads/99K_views_85K_reactions_Babuan_instagram_insta_instamood_bhojpuri_bhojpuri_song_trending_viral_viralvideos_explore_Desi_queen_2123238403_both.mp4 -vn -acodec libmp3lame -b:a 192k -ar 44100 -y ./downloads/99K_views_·_85K_reactions__Babuan_❤️🧿_#instagram_#insta_#instamood_#bhojpuri_#bhojpuri_song_#trending_#viral_#viralvideos_#explore__Desi_queen👑_2123238403_audio_extract.mp3
2025-05-09 15:50:03,192 - __main__ - INFO - FFmpeg Success (first 200 chars of stdout): 
2025-05-09 15:50:03,215 - pyrogram.connection.connection - INFO - Connecting...
2025-05-09 15:50:03,351 - pyrogram.connection.connection - INFO - Connected! Production DC5 (media) - IPv4
2025-05-09 15:50:03,352 - pyrogram.session.session - INFO - NetworkTask started
2025-05-09 15:50:03,945 - pyrogram.session.session - INFO - Session initialized: Layer 158
2025-05-09 15:50:03,946 - pyrogram.session.session - INFO - Device: CPython 3.12.10 - Pyrogram 2.0.106
2025-05-09 15:50:03,947 - pyrogram.session.session - INFO - System: Linux 4.19.191+ (en)
2025-05-09 15:50:03,947 - pyrogram.session.session - INFO - Session started
2025-05-09 15:50:03,951 - pyrogram.session.session - INFO - PingTask started
2025-05-09 15:50:04,782 - pyrogram.session.session - INFO - PingTask stopped
2025-05-09 15:50:04,783 - pyrogram.session.session - INFO - NetworkTask stopped
2025-05-09 15:50:04,783 - pyrogram.connection.connection - INFO - Disconnected
2025-05-09 15:50:04,784 - pyrogram.session.session - INFO - Session stopped
2025-05-09 15:50:05,239 - __main__ - INFO - Cleaned: ./downloads/99K_views_·_85K_reactions__Babuan_❤️🧿_#instagram_#insta_#instamood_#bhojpuri_#bhojpuri_song_#trending_#viral_#viralvideos_#explore__Desi_queen👑_2123238403_audio_extract.mp3 (interaction 45)
2025-05-09 15:50:05,331 - __main__ - INFO - Cleaned: /data/data/com.termux/files/home/my_bot/downloads/99K_views_85K_reactions_Babuan_instagram_insta_instamood_bhojpuri_bhojpuri_song_trending_viral_viralvideos_explore_Desi_queen_2123238403_both.mp4 (interaction 45)
2025-05-09 15:50:05,334 - __main__ - INFO - Cleared state for interaction key 45 (user 2123238403)
2025-05-09 15:50:38,199 - __main__ - INFO - Received potential URL from user 7014206762 in chat 7014206762: https://youtube.com/shorts/AEs5FE7URBY
2025-05-09 15:50:50,762 - __main__ - INFO - yt-dlp recognized supported extractor 'youtube' for URL: https://youtube.com/shorts/AEs5FE7URBY
2025-05-09 15:50:51,014 - __main__ - INFO - Stored link for user 7014206762 in chat 7014206762. Interaction key: 49
2025-05-09 15:50:53,053 - __main__ - INFO - Callback query 'both' from user 7014206762 (⛧‌ٖٖٖٖٖٖٜٖٖٖٖٖٖٜٖ𝕊𝕚𝕘𝕞𝕒𑲭𑲭𑲭𑲭𑲭𑲭𑲭𑲭𑲭𑲭𑲭𑲭𑲭𑲭𑲭𝕞𝕚𝕟𝕕🪬) for message ID 49
2025-05-09 15:50:53,421 - __main__ - INFO - User 7014206762 (interaction: 49) selected 'both'. Starting download for URL: https://youtube.com/shorts/AEs5FE7URBY
2025-05-09 15:51:14,349 - __main__ - WARNING - Failed to edit progress message for user 7014206762, interaction 49: Telegram says: [400 MESSAGE_NOT_MODIFIED] - The message was not modified because you tried to edit it using the same content (caused by "messages.EditMessage")
2025-05-09 15:51:15,439 - __main__ - INFO - Postprocessor status for user 7014206762 (interaction: 49): finished
2025-05-09 15:51:15,454 - __main__ - INFO - Postprocessor status for user 7014206762 (interaction: 49): finished
2025-05-09 15:51:15,676 - __main__ - INFO - File for user 7014206762 (interaction: 49) downloaded/processed to: /data/data/com.termux/files/home/my_bot/downloads/Plate_Carrier_7014206762_both.mp4
2025-05-09 15:51:16,024 - pyrogram.connection.connection - INFO - Connecting...
2025-05-09 15:51:16,122 - pyrogram.connection.connection - INFO - Connected! Production DC5 (media) - IPv4
2025-05-09 15:51:16,123 - pyrogram.session.session - INFO - NetworkTask started
2025-05-09 15:51:16,629 - pyrogram.session.session - INFO - Session initialized: Layer 158
2025-05-09 15:51:16,630 - pyrogram.session.session - INFO - Device: CPython 3.12.10 - Pyrogram 2.0.106
2025-05-09 15:51:16,631 - pyrogram.session.session - INFO - System: Linux 4.19.191+ (en)
2025-05-09 15:51:16,633 - pyrogram.session.session - INFO - Session started
2025-05-09 15:51:16,650 - pyrogram.session.session - INFO - PingTask started
2025-05-09 15:51:19,519 - pyrogram.session.session - INFO - PingTask stopped
2025-05-09 15:51:19,523 - pyrogram.session.session - INFO - NetworkTask stopped
2025-05-09 15:51:19,525 - pyrogram.connection.connection - INFO - Disconnected
2025-05-09 15:51:19,526 - pyrogram.session.session - INFO - Session stopped
2025-05-09 15:51:20,195 - __main__ - INFO - Running FFmpeg command: ffmpeg -i /data/data/com.termux/files/home/my_bot/downloads/Plate_Carrier_7014206762_both.mp4 -vn -acodec libmp3lame -b:a 192k -ar 44100 -y ./downloads/Plate_Carrier_7014206762_audio_extract.mp3
2025-05-09 15:51:22,337 - __main__ - INFO - FFmpeg Success (first 200 chars of stdout): 
2025-05-09 15:51:22,366 - pyrogram.connection.connection - INFO - Connecting...
2025-05-09 15:51:22,454 - pyrogram.connection.connection - INFO - Connected! Production DC5 (media) - IPv4
2025-05-09 15:51:22,457 - pyrogram.session.session - INFO - NetworkTask started
2025-05-09 15:51:22,965 - pyrogram.session.session - INFO - Session initialized: Layer 158
2025-05-09 15:51:22,966 - pyrogram.session.session - INFO - Device: CPython 3.12.10 - Pyrogram 2.0.106
2025-05-09 15:51:22,967 - pyrogram.session.session - INFO - System: Linux 4.19.191+ (en)
2025-05-09 15:51:22,969 - pyrogram.session.session - INFO - Session started
2025-05-09 15:51:22,984 - pyrogram.session.session - INFO - PingTask started
2025-05-09 15:51:24,221 - pyrogram.session.session - INFO - PingTask stopped
2025-05-09 15:51:24,223 - pyrogram.session.session - INFO - NetworkTask stopped
2025-05-09 15:51:24,224 - pyrogram.connection.connection - INFO - Disconnected
2025-05-09 15:51:24,225 - pyrogram.session.session - INFO - Session stopped
2025-05-09 15:51:24,622 - __main__ - INFO - Cleaned: ./downloads/Plate_Carrier_7014206762_audio_extract.mp3 (interaction 49)
2025-05-09 15:51:24,633 - __main__ - INFO - Cleaned: /data/data/com.termux/files/home/my_bot/downloads/Plate_Carrier_7014206762_both.mp4 (interaction 49)
2025-05-09 15:51:24,635 - __main__ - INFO - Cleared state for interaction key 49 (user 7014206762)
2025-05-09 15:51:34,855 - __main__ - INFO - Received potential URL from user 7014206762 in chat 7014206762: https://www.facebook.com/share/r/1AqH9HXCsD/?mibextid=D5vuiz
2025-05-09 15:51:39,092 - __main__ - INFO - yt-dlp recognized supported extractor 'facebook' for URL: https://www.facebook.com/share/r/1AqH9HXCsD/?mibextid=D5vuiz
2025-05-09 15:51:39,260 - __main__ - INFO - Stored link for user 7014206762 in chat 7014206762. Interaction key: 53
2025-05-09 15:51:42,121 - __main__ - INFO - Callback query 'both' from user 7014206762 (⛧‌ٖٖٖٖٖٖٜٖٖٖٖٖٖٜٖ𝕊𝕚𝕘𝕞𝕒𑲭𑲭𑲭𑲭𑲭𑲭𑲭𑲭𑲭𑲭𑲭𑲭𑲭𑲭𑲭𝕞𝕚𝕟𝕕🪬) for message ID 53
2025-05-09 15:51:42,495 - __main__ - INFO - User 7014206762 (interaction: 53) selected 'both'. Starting download for URL: https://www.facebook.com/share/r/1AqH9HXCsD/?mibextid=D5vuiz
2025-05-09 15:51:50,609 - __main__ - WARNING - Failed to edit progress message for user 7014206762, interaction 53: Telegram says: [400 MESSAGE_NOT_MODIFIED] - The message was not modified because you tried to edit it using the same content (caused by "messages.EditMessage")
2025-05-09 15:51:50,878 - __main__ - INFO - Postprocessor status for user 7014206762 (interaction: 53): finished
2025-05-09 15:51:50,892 - __main__ - INFO - Postprocessor status for user 7014206762 (interaction: 53): finished
2025-05-09 15:51:50,991 - __main__ - INFO - File for user 7014206762 (interaction: 53) downloaded/processed to: /data/data/com.termux/files/home/my_bot/downloads/99K_views_85K_reactions_Babuan_instagram_insta_instamood_bhojpuri_bhojpuri_song_trending_viral_viralvideos_explore_Desi_queen_7014206762_both.mp4
2025-05-09 15:51:51,255 - pyrogram.connection.connection - INFO - Connecting...
2025-05-09 15:51:51,346 - pyrogram.connection.connection - INFO - Connected! Production DC5 (media) - IPv4
2025-05-09 15:51:51,347 - pyrogram.session.session - INFO - NetworkTask started
2025-05-09 15:51:51,803 - pyrogram.session.session - INFO - Session initialized: Layer 158
2025-05-09 15:51:51,804 - pyrogram.session.session - INFO - Device: CPython 3.12.10 - Pyrogram 2.0.106
2025-05-09 15:51:51,804 - pyrogram.session.session - INFO - System: Linux 4.19.191+ (en)
2025-05-09 15:51:51,805 - pyrogram.session.session - INFO - Session started
2025-05-09 15:51:51,811 - pyrogram.session.session - INFO - PingTask started
2025-05-09 15:51:54,023 - pyrogram.session.session - INFO - PingTask stopped
2025-05-09 15:51:54,025 - pyrogram.session.session - INFO - NetworkTask stopped
2025-05-09 15:51:54,026 - pyrogram.connection.connection - INFO - Disconnected
2025-05-09 15:51:54,026 - pyrogram.session.session - INFO - Session stopped
2025-05-09 15:51:54,406 - __main__ - INFO - Running FFmpeg command: ffmpeg -i /data/data/com.termux/files/home/my_bot/downloads/99K_views_85K_reactions_Babuan_instagram_insta_instamood_bhojpuri_bhojpuri_song_trending_viral_viralvideos_explore_Desi_queen_7014206762_both.mp4 -vn -acodec libmp3lame -b:a 192k -ar 44100 -y ./downloads/99K_views_·_85K_reactions__Babuan_❤️🧿_#instagram_#insta_#instamood_#bhojpuri_#bhojpuri_song_#trending_#viral_#viralvideos_#explore__Desi_queen👑_7014206762_audio_extract.mp3
2025-05-09 15:51:55,143 - __main__ - INFO - FFmpeg Success (first 200 chars of stdout): 
2025-05-09 15:51:55,197 - pyrogram.connection.connection - INFO - Connecting...
2025-05-09 15:51:55,305 - pyrogram.connection.connection - INFO - Connected! Production DC5 (media) - IPv4
2025-05-09 15:51:55,306 - pyrogram.session.session - INFO - NetworkTask started
2025-05-09 15:51:55,919 - pyrogram.session.session - INFO - Session initialized: Layer 158
2025-05-09 15:51:55,921 - pyrogram.session.session - INFO - Device: CPython 3.12.10 - Pyrogram 2.0.106
2025-05-09 15:51:55,922 - pyrogram.session.session - INFO - System: Linux 4.19.191+ (en)
2025-05-09 15:51:55,923 - pyrogram.session.session - INFO - Session started
2025-05-09 15:51:55,929 - pyrogram.session.session - INFO - PingTask started
2025-05-09 15:51:57,374 - pyrogram.session.session - INFO - PingTask stopped
2025-05-09 15:51:57,376 - pyrogram.session.session - INFO - NetworkTask stopped
2025-05-09 15:51:57,377 - pyrogram.connection.connection - INFO - Disconnected
2025-05-09 15:51:57,377 - pyrogram.session.session - INFO - Session stopped
2025-05-09 15:51:58,117 - __main__ - INFO - Cleaned: /data/data/com.termux/files/home/my_bot/downloads/99K_views_85K_reactions_Babuan_instagram_insta_instamood_bhojpuri_bhojpuri_song_trending_viral_viralvideos_explore_Desi_queen_7014206762_both.mp4 (interaction 53)
2025-05-09 15:51:58,118 - __main__ - INFO - Cleaned: ./downloads/99K_views_·_85K_reactions__Babuan_❤️🧿_#instagram_#insta_#instamood_#bhojpuri_#bhojpuri_song_#trending_#viral_#viralvideos_#explore__Desi_queen👑_7014206762_audio_extract.mp3 (interaction 53)
2025-05-09 15:51:58,120 - __main__ - INFO - Cleared state for interaction key 53 (user 7014206762)
2025-05-09 15:52:10,757 - __main__ - INFO - Admin 7014206762 initiated broadcast with text: hi...
2025-05-09 15:52:10,905 - __main__ - INFO - Broadcasting to 2 subscribed users...
2025-05-09 15:52:15,866 - __main__ - INFO - Admin 7014206762 initiated broadcast with text: bj...
2025-05-09 15:52:16,021 - __main__ - INFO - Broadcasting to 2 subscribed users...
2025-05-09 15:52:33,149 - root - INFO - Stop signal received (SIGINT). Exiting...
2025-05-09 15:52:35,968 - pyrogram.dispatcher - INFO - Stopped 12 HandlerTasks
2025-05-09 15:52:35,970 - pyrogram.session.session - INFO - PingTask stopped
2025-05-09 15:52:35,971 - pyrogram.session.session - INFO - NetworkTask stopped
2025-05-09 15:52:35,972 - pyrogram.connection.connection - INFO - Disconnected
2025-05-09 15:52:35,972 - pyrogram.session.session - INFO - Session stopped
2025-05-09 15:52:35,975 - __main__ - INFO - Bot has been stopped gracefully.
2025-05-09 15:52:35,975 - __main__ - INFO - Script execution finished. Cleaning up if necessary.
2025-05-09 16:31:17,155 - __main__ - INFO - Bot starting up...
2025-05-09 16:31:17,562 - pyrogram.connection.connection - INFO - Connecting...
2025-05-09 16:31:17,661 - pyrogram.connection.connection - INFO - Connected! Production DC5 - IPv4
2025-05-09 16:31:17,665 - pyrogram.session.session - INFO - NetworkTask started
2025-05-09 16:31:18,167 - pyrogram.session.session - INFO - Session initialized: Layer 158
2025-05-09 16:31:18,169 - pyrogram.session.session - INFO - Device: CPython 3.12.10 - Pyrogram 2.0.106
2025-05-09 16:31:18,170 - pyrogram.session.session - INFO - System: Linux 4.19.191+ (en)
2025-05-09 16:31:18,171 - pyrogram.session.session - INFO - Session started
2025-05-09 16:31:18,215 - pyrogram.session.session - INFO - PingTask started
2025-05-09 16:31:18,637 - pyrogram.dispatcher - INFO - Started 12 HandlerTasks
2025-05-09 16:31:35,439 - root - INFO - Stop signal received (SIGINT). Exiting...
2025-05-09 16:31:38,289 - pyrogram.dispatcher - INFO - Stopped 12 HandlerTasks
2025-05-09 16:31:38,290 - pyrogram.session.session - INFO - PingTask stopped
2025-05-09 16:31:38,293 - pyrogram.session.session - INFO - NetworkTask stopped
2025-05-09 16:31:38,295 - pyrogram.connection.connection - INFO - Disconnected
2025-05-09 16:31:38,296 - pyrogram.session.session - INFO - Session stopped
2025-05-09 16:31:38,298 - __main__ - INFO - Bot has been stopped gracefully.
2025-05-09 16:31:38,299 - __main__ - INFO - Script execution finished. Cleaning up if necessary.
